<?xml version="1.0" encoding="UTF-8"?>
<!-- Generated by org.testng.reporters.JUnitReportReporter -->
<testsuite hostname="DESKTOP-IGU0SHR" failures="0" tests="1" name="org.pojo.Employee" time="0.012" errors="0" timestamp="13 Sep 2021 08:09:49 GMT" skipped="0">
  <testcase classname="org.pojo.Employee" name="tc0" time="0.012"/>
</testsuite> <!-- org.pojo.Employee -->
